0 verbose cli /usr/bin/node /usr/bin/npm
1 info using npm@9.5.1
2 info using node@v19.7.0
3 timing npm:load:whichnode Completed in 1ms
4 timing config:load:defaults Completed in 2ms
5 timing config:load:file:/usr/lib/node_modules/npm/npmrc Completed in 1ms
6 timing config:load:builtin Completed in 1ms
7 timing config:load:cli Completed in 2ms
8 timing config:load:env Completed in 1ms
9 timing config:load:project Completed in 0ms
10 timing config:load:file:/home/bestwxrld/.npmrc Completed in 3ms
11 timing config:load:user Completed in 4ms
12 timing config:load:file:/usr/etc/npmrc Completed in 0ms
13 timing config:load:global Completed in 1ms
14 timing config:load:setEnvs Completed in 1ms
15 timing config:load Completed in 12ms
16 timing npm:load:configload Completed in 12ms
17 timing npm:load:mkdirpcache Completed in 0ms
18 timing npm:load:mkdirplogs Completed in 1ms
19 verbose title npm install npm
20 verbose argv "install" "npm" "--global"
21 timing npm:load:setTitle Completed in 1ms
22 timing config:load:flatten Completed in 3ms
23 timing npm:load:display Completed in 4ms
24 verbose logfile logs-max:10 dir:/home/bestwxrld/.npm/_logs/2023-03-01T04_53_36_759Z-
25 verbose logfile /home/bestwxrld/.npm/_logs/2023-03-01T04_53_36_759Z-debug-0.log
26 timing npm:load:logFile Completed in 4ms
27 timing npm:load:timers Completed in 0ms
28 timing npm:load:configScope Completed in 0ms
29 timing npm:load Completed in 23ms
30 timing config:load:flatten Completed in 0ms
31 silly logfile start cleaning logs, removing 1 files
32 silly logfile done cleaning log files
33 http fetch GET 200 https://registry.npmjs.org/npm 115ms (cache revalidated)
34 timing arborist:ctor Completed in 0ms
35 timing idealTree:init Completed in 5ms
36 timing idealTree:userRequests Completed in 2ms
37 silly idealTree buildDeps
38 silly fetch manifest npm@*
39 http fetch GET 200 https://registry.npmjs.org/npm 9ms (cache hit)
40 silly placeDep ROOT npm@9.5.1 OK for:  want: *
41 timing idealTree:#root Completed in 35ms
42 timing idealTree:node_modules/npm Completed in 1ms
43 timing idealTree:buildDeps Completed in 36ms
44 timing idealTree:fixDepFlags Completed in 0ms
45 timing idealTree Completed in 44ms
46 timing reify:loadTrees Completed in 268ms
47 timing reify:diffTrees Completed in 5ms
48 silly reify mark retired [ '/usr/lib/node_modules/npm', '/usr/bin/npm', '/usr/bin/npx' ]
49 silly reify moves {
49 silly reify   '/usr/lib/node_modules/npm': '/usr/lib/node_modules/.npm-qUIFSsiV',
49 silly reify   '/usr/bin/npm': '/usr/bin/.npm-CxSgn0z2',
49 silly reify   '/usr/bin/npx': '/usr/bin/.npx-akSQqeWh'
49 silly reify }
50 timing reify:rollback:retireShallow Completed in 1ms
51 timing command:install Completed in 428ms
52 verbose stack Error: EACCES: permission denied, rename '/usr/lib/node_modules/npm' -> '/usr/lib/node_modules/.npm-qUIFSsiV'
53 verbose cwd /home/bestwxrld
54 verbose Linux 5.15.90.1-microsoft-standard-WSL2
55 verbose node v19.7.0
56 verbose npm  v9.5.1
57 error code EACCES
58 error syscall rename
59 error path /usr/lib/node_modules/npm
60 error dest /usr/lib/node_modules/.npm-qUIFSsiV
61 error errno -13
62 error [Error: EACCES: permission denied, rename '/usr/lib/node_modules/npm' -> '/usr/lib/node_modules/.npm-qUIFSsiV'] {
62 error   errno: -13,
62 error   code: 'EACCES',
62 error   syscall: 'rename',
62 error   path: '/usr/lib/node_modules/npm',
62 error   dest: '/usr/lib/node_modules/.npm-qUIFSsiV'
62 error }
63 error
63 error The operation was rejected by your operating system.
63 error It is likely you do not have the permissions to access this file as the current user
63 error
63 error If you believe this might be a permissions issue, please double-check the
63 error permissions of the file and its containing directories, or try running
63 error the command again as root/Administrator.
64 verbose exit -13
65 timing npm Completed in 469ms
66 verbose unfinished npm timer reify 1677646416941
67 verbose unfinished npm timer reify:retireShallow 1677646417216
68 verbose code -13
69 error A complete log of this run can be found in:
69 error     /home/bestwxrld/.npm/_logs/2023-03-01T04_53_36_759Z-debug-0.log
