0 verbose cli /usr/bin/node /usr/bin/npm
1 info using npm@9.5.0
2 info using node@v18.14.2
3 timing npm:load:whichnode Completed in 1ms
4 timing config:load:defaults Completed in 2ms
5 timing config:load:file:/usr/lib/node_modules/npm/npmrc Completed in 0ms
6 timing config:load:builtin Completed in 0ms
7 timing config:load:cli Completed in 2ms
8 timing config:load:env Completed in 0ms
9 timing config:load:project Completed in 5ms
10 timing config:load:file:/home/bestwxrld/.npmrc Completed in 0ms
11 timing config:load:user Completed in 0ms
12 timing config:load:file:/usr/etc/npmrc Completed in 0ms
13 timing config:load:global Completed in 0ms
14 timing config:load:setEnvs Completed in 0ms
15 timing config:load Completed in 11ms
16 timing npm:load:configload Completed in 12ms
17 timing npm:load:mkdirpcache Completed in 1ms
18 timing npm:load:mkdirplogs Completed in 0ms
19 verbose title npm install readline-sync
20 verbose argv "install" "readline-sync"
21 timing npm:load:setTitle Completed in 1ms
22 timing config:load:flatten Completed in 3ms
23 timing npm:load:display Completed in 4ms
24 verbose logfile logs-max:10 dir:/home/bestwxrld/.npm/_logs/2023-03-01T03_54_50_894Z-
25 verbose logfile /home/bestwxrld/.npm/_logs/2023-03-01T03_54_50_894Z-debug-0.log
26 timing npm:load:logFile Completed in 5ms
27 timing npm:load:timers Completed in 0ms
28 timing npm:load:configScope Completed in 0ms
29 timing npm:load Completed in 25ms
30 timing arborist:ctor Completed in 1ms
31 silly logfile done cleaning log files
32 timing arborist:ctor Completed in 0ms
33 timing arborist:ctor Completed in 1ms
34 timing arborist:ctor Completed in 0ms
35 timing idealTree:init Completed in 24ms
36 timing idealTree:userRequests Completed in 2ms
37 silly idealTree buildDeps
38 silly fetch manifest readline-sync@^1.4.10
39 http fetch GET 200 https://registry.npmjs.org/readline-sync 964ms (cache miss)
40 silly placeDep ROOT readline-sync@1.4.10 REPLACE for: bestwxrld@1.0.0 want: ^1.4.10
41 timing idealTree:#root Completed in 972ms
42 timing idealTree:node_modules/readline-sync Completed in 0ms
43 timing idealTree:buildDeps Completed in 973ms
44 timing idealTree:fixDepFlags Completed in 1ms
45 timing idealTree Completed in 1002ms
46 timing reify:loadTrees Completed in 1003ms
47 timing reify:diffTrees Completed in 1ms
48 silly reify moves {}
49 timing reify:retireShallow Completed in 1ms
50 timing reify:createSparse Completed in 0ms
51 timing reify:loadBundles Completed in 0ms
52 silly audit bulk request { lodash: [ '4.17.21' ], 'readline-sync': [ '1.4.10' ] }
53 timing reify:unpack Completed in 0ms
54 timing reify:unretire Completed in 0ms
55 timing build:queue Completed in 0ms
56 timing build:deps Completed in 0ms
57 timing build Completed in 0ms
58 timing reify:build Completed in 1ms
59 timing reify:trash Completed in 0ms
60 timing reify:save Completed in 6ms
61 timing command:install Completed in 1028ms
62 verbose stack Error: EACCES: permission denied, unlink '/home/bestwxrld/node_modules/.package-lock.json'
63 verbose cwd /home/bestwxrld
64 verbose Linux 5.15.90.1-microsoft-standard-WSL2
65 verbose node v18.14.2
66 verbose npm  v9.5.0
67 error code EACCES
68 error syscall unlink
69 error path /home/bestwxrld/node_modules/.package-lock.json
70 error errno -13
71 error [Error: EACCES: permission denied, unlink '/home/bestwxrld/node_modules/.package-lock.json'] {
71 error   errno: -13,
71 error   code: 'EACCES',
71 error   syscall: 'unlink',
71 error   path: '/home/bestwxrld/node_modules/.package-lock.json'
71 error }
72 error
72 error The operation was rejected by your operating system.
72 error It is likely you do not have the permissions to access this file as the current user
72 error
72 error If you believe this might be a permissions issue, please double-check the
72 error permissions of the file and its containing directories, or try running
72 error the command again as root/Administrator.
73 verbose exit -13
74 timing npm Completed in 1070ms
75 verbose unfinished npm timer reify 1677642890933
76 verbose unfinished npm timer reify:audit 1677642891942
77 verbose unfinished npm timer auditReport:getReport 1677642891942
78 verbose code -13
79 error A complete log of this run can be found in:
79 error     /home/bestwxrld/.npm/_logs/2023-03-01T03_54_50_894Z-debug-0.log
