0 verbose cli /usr/bin/node /usr/bin/npm
1 info using npm@9.5.0
2 info using node@v19.7.0
3 timing npm:load:whichnode Completed in 1ms
4 timing config:load:defaults Completed in 1ms
5 timing config:load:file:/usr/lib/node_modules/npm/npmrc Completed in 1ms
6 timing config:load:builtin Completed in 1ms
7 timing config:load:cli Completed in 3ms
8 timing config:load:env Completed in 0ms
9 timing config:load:project Completed in 1ms
10 timing config:load:file:/home/bestwxrld/.npmrc Completed in 0ms
11 timing config:load:user Completed in 0ms
12 timing config:load:file:/usr/etc/npmrc Completed in 0ms
13 timing config:load:global Completed in 0ms
14 timing config:load:setEnvs Completed in 1ms
15 timing config:load Completed in 8ms
16 timing npm:load:configload Completed in 8ms
17 timing npm:load:mkdirpcache Completed in 4ms
18 timing npm:load:mkdirplogs Completed in 0ms
19 verbose title npm install npm
20 verbose argv "install" "npm" "--global"
21 timing npm:load:setTitle Completed in 1ms
22 timing config:load:flatten Completed in 3ms
23 timing npm:load:display Completed in 4ms
24 verbose logfile logs-max:10 dir:/home/bestwxrld/.npm/_logs/2023-03-01T04_02_51_129Z-
25 verbose logfile /home/bestwxrld/.npm/_logs/2023-03-01T04_02_51_129Z-debug-0.log
26 timing npm:load:logFile Completed in 5ms
27 timing npm:load:timers Completed in 0ms
28 timing npm:load:configScope Completed in 0ms
29 timing npm:load Completed in 24ms
30 timing config:load:flatten Completed in 0ms
31 silly logfile done cleaning log files
32 http fetch GET 200 https://registry.npmjs.org/npm 136ms (cache revalidated)
33 timing arborist:ctor Completed in 1ms
34 timing idealTree:init Completed in 5ms
35 timing idealTree:userRequests Completed in 1ms
36 silly idealTree buildDeps
37 silly fetch manifest npm@*
38 http fetch GET 200 https://registry.npmjs.org/npm 9ms (cache hit)
39 silly placeDep ROOT npm@9.5.1 OK for:  want: *
40 timing idealTree:#root Completed in 34ms
41 timing idealTree:node_modules/npm Completed in 0ms
42 timing idealTree:buildDeps Completed in 35ms
43 timing idealTree:fixDepFlags Completed in 1ms
44 timing idealTree Completed in 43ms
45 timing reify:loadTrees Completed in 268ms
46 timing reify:diffTrees Completed in 4ms
47 silly reify mark retired [ '/usr/lib/node_modules/npm', '/usr/bin/npm', '/usr/bin/npx' ]
48 silly reify moves {
48 silly reify   '/usr/lib/node_modules/npm': '/usr/lib/node_modules/.npm-qUIFSsiV',
48 silly reify   '/usr/bin/npm': '/usr/bin/.npm-CxSgn0z2',
48 silly reify   '/usr/bin/npx': '/usr/bin/.npx-akSQqeWh'
48 silly reify }
49 timing reify:rollback:retireShallow Completed in 2ms
50 timing command:install Completed in 448ms
51 verbose stack Error: EACCES: permission denied, rename '/usr/lib/node_modules/npm' -> '/usr/lib/node_modules/.npm-qUIFSsiV'
52 verbose cwd /home/bestwxrld
53 verbose Linux 5.15.90.1-microsoft-standard-WSL2
54 verbose node v19.7.0
55 verbose npm  v9.5.0
56 error code EACCES
57 error syscall rename
58 error path /usr/lib/node_modules/npm
59 error dest /usr/lib/node_modules/.npm-qUIFSsiV
60 error errno -13
61 error [Error: EACCES: permission denied, rename '/usr/lib/node_modules/npm' -> '/usr/lib/node_modules/.npm-qUIFSsiV'] {
61 error   errno: -13,
61 error   code: 'EACCES',
61 error   syscall: 'rename',
61 error   path: '/usr/lib/node_modules/npm',
61 error   dest: '/usr/lib/node_modules/.npm-qUIFSsiV'
61 error }
62 error
62 error The operation was rejected by your operating system.
62 error It is likely you do not have the permissions to access this file as the current user
62 error
62 error If you believe this might be a permissions issue, please double-check the
62 error permissions of the file and its containing directories, or try running
62 error the command again as root/Administrator.
63 verbose exit -13
64 timing npm Completed in 489ms
65 verbose unfinished npm timer reify 1677643371333
66 verbose unfinished npm timer reify:retireShallow 1677643371607
67 verbose code -13
68 error A complete log of this run can be found in:
68 error     /home/bestwxrld/.npm/_logs/2023-03-01T04_02_51_129Z-debug-0.log
