0 verbose cli /usr/bin/node /usr/bin/npm
1 info using npm@9.5.1
2 info using node@v19.7.0
3 timing npm:load:whichnode Completed in 1ms
4 timing config:load:defaults Completed in 1ms
5 timing config:load:file:/usr/lib/node_modules/npm/npmrc Completed in 0ms
6 timing config:load:builtin Completed in 1ms
7 timing config:load:cli Completed in 3ms
8 timing config:load:env Completed in 1ms
9 timing config:load:project Completed in 5ms
10 timing config:load:file:/home/bestwxrld/.npmrc Completed in 0ms
11 timing config:load:user Completed in 0ms
12 timing config:load:file:/usr/etc/npmrc Completed in 1ms
13 timing config:load:global Completed in 1ms
14 timing config:load:setEnvs Completed in 1ms
15 timing config:load Completed in 13ms
16 timing npm:load:configload Completed in 13ms
17 timing npm:load:mkdirpcache Completed in 0ms
18 timing npm:load:mkdirplogs Completed in 0ms
19 verbose title npm publish
20 verbose argv "publish" "--dry-run"
21 timing npm:load:setTitle Completed in 1ms
22 timing config:load:flatten Completed in 2ms
23 timing npm:load:display Completed in 3ms
24 verbose logfile logs-max:10 dir:/home/bestwxrld/.npm/_logs/2023-03-01T04_33_13_747Z-
25 verbose logfile /home/bestwxrld/.npm/_logs/2023-03-01T04_33_13_747Z-debug-0.log
26 timing npm:load:logFile Completed in 5ms
27 timing npm:load:timers Completed in 0ms
28 timing npm:load:configScope Completed in 0ms
29 timing npm:load Completed in 25ms
30 verbose publish [ '.' ]
31 silly logfile start cleaning logs, removing 1 files
32 silly logfile done cleaning log files
33 timing arborist:ctor Completed in 0ms
34 timing arborist:ctor Completed in 0ms
35 notice
36 notice 📦  @hexlet/code@1.0.0
37 notice === Tarball Contents ===
38 notice 3.3kB   .bash_history                                                                                                                                                     
38 notice 220B    .bash_logout                                                                                                                                                      
38 notice 3.8kB   .bashrc                                                                                                                                                           
38 notice 78B     .gitconfig                                                                                                                                                        
38 notice 20B     .lesshst                                                                                                                                                          
38 notice 0B      .motd_shown                                                                                                                                                       
38 notice 7B      .node_repl_history                                                                                                                                                
38 notice 293.2kB .npm/_cacache/content-v2/sha512/73/bc/b1a3e7944fbfd3ab523507d4fda252bbaa616fc0806816d74fe48ce3d8e1cc89098743a52e3be012318d11add7101ef64c09536c3d68804fe5b08fa32410
38 notice 16.8kB  .npm/_cacache/content-v2/sha512/81/e4/99b9d03ac42bf2c6461bcec92195ff809898e55be8ceb760c8a7e2c52e294cb3cdf3e31ef47b08ee9b80814a78c8f2fdca5b217a44a9a696a590d1f6ac99
38 notice 34.6kB  .npm/_cacache/content-v2/sha512/87/b4/513d61c3efa23f7aa229e871260ccd4e3c53990cc6a5fd1148d3dcc7e4948665d9769f989fe432ef96174b76561c7c008e016192d668c6f85d7a0cac751f
38 notice 595.9kB .npm/_cacache/content-v2/sha512/96/0a/5e1b999ee02a4ece9f9771c191ed8b756c3b7918fe3a86b226a32a70435ea5a34b2ee65926bd2a5fb5969072a4642c1b8b54307fbf6399f155f00567c61b
38 notice 2.1MB   .npm/_cacache/content-v2/sha512/b7/f5/6b32b6a074deca06db865ddc0e078371033360075e39ce72e3a92ef0404452feed6e253ab67af36c76240b67aa82b76fdb60d594daa8cdfc5ccddd55815c
38 notice 750B    .npm/_cacache/index-v5/9c/a5/352baafa5365c78ae70534aa6c60dd6cf59b397302eb044646fc5e1addc8                                                                         
38 notice 464B    .npm/_cacache/index-v5/9f/f1/9ec3e22d70375644564d5a431f243540fa4ce0a3d942a78c0670fdf552cd                                                                         
38 notice 714B    .npm/_cacache/index-v5/54/7e/2360c5a2e32ebad69ec347f58ec1d8400ba06ec43188015f5392e38ea16e                                                                         
38 notice 724B    .npm/_cacache/index-v5/af/03/5c781820370e585dc2323edbbc80669bf714da5b47d56510c7d0bd7521ee                                                                         
38 notice 1.5kB   .npm/_logs/2023-03-01T03_51_47_423Z-debug-0.log                                                                                                                   
38 notice 2.1kB   .npm/_logs/2023-03-01T03_52_06_332Z-debug-0.log                                                                                                                   
38 notice 4.3kB   .npm/_logs/2023-03-01T03_54_50_894Z-debug-0.log                                                                                                                   
38 notice 4.1kB   .npm/_logs/2023-03-01T04_02_51_129Z-debug-0.log                                                                                                                   
38 notice 1.8kB   .npm/_logs/2023-03-01T04_03_11_548Z-debug-0.log                                                                                                                   
38 notice 2.6kB   .npm/_logs/2023-03-01T04_04_17_115Z-debug-0.log                                                                                                                   
38 notice 3.1kB   .npm/_logs/2023-03-01T04_08_22_900Z-debug-0.log                                                                                                                   
38 notice 3.2kB   .npm/_logs/2023-03-01T04_12_25_207Z-debug-0.log                                                                                                                   
38 notice 10.5kB  .npm/_logs/2023-03-01T04_13_08_700Z-debug-0.log                                                                                                                   
38 notice 14.2kB  .npm/_logs/2023-03-01T04_26_43_507Z-debug-0.log                                                                                                                   
38 notice 1.6kB   .npm/_logs/2023-03-01T04_33_13_747Z-debug-0.log                                                                                                                   
38 notice 0B      .npm/_update-notifier-last-checked                                                                                                                                
38 notice 807B    .profile                                                                                                                                                          
38 notice 411B    .ssh/id_ed25519                                                                                                                                                   
38 notice 103B    .ssh/id_ed25519.pub                                                                                                                                               
38 notice 806B    .ssh/known_hosts                                                                                                                                                  
38 notice 142B    .ssh/known_hosts.old                                                                                                                                              
38 notice 0B      .sudo_as_admin_successful                                                                                                                                         
38 notice 180B    .wget-hsts                                                                                                                                                        
38 notice 23B     HEAD                                                                                                                                                              
38 notice 127B    Makefile                                                                                                                                                          
38 notice 39B     README.md                                                                                                                                                         
38 notice 868B    bin/brain-games.js                                                                                                                                                
38 notice 126B    config                                                                                                                                                            
38 notice 73B     description                                                                                                                                                       
38 notice 902B    frontend-project-44/bin/brain-games.js                                                                                                                            
38 notice 127B    frontend-project-44/Makefile                                                                                                                                      
38 notice 678B    frontend-project-44/package-lock.json                                                                                                                             
38 notice 620B    frontend-project-44/package.json                                                                                                                                  
38 notice 39B     frontend-project-44/README.md                                                                                                                                     
38 notice 866B    frontend-project-44/src/cli.js                                                                                                                                    
38 notice 689B    frontend-project-44/src/index.js                                                                                                                                  
38 notice 478B    hooks/applypatch-msg.sample                                                                                                                                       
38 notice 896B    hooks/commit-msg.sample                                                                                                                                           
38 notice 4.7kB   hooks/fsmonitor-watchman.sample                                                                                                                                   
38 notice 189B    hooks/post-update.sample                                                                                                                                          
38 notice 424B    hooks/pre-applypatch.sample                                                                                                                                       
38 notice 1.6kB   hooks/pre-commit.sample                                                                                                                                           
38 notice 416B    hooks/pre-merge-commit.sample                                                                                                                                     
38 notice 1.4kB   hooks/pre-push.sample                                                                                                                                             
38 notice 4.9kB   hooks/pre-rebase.sample                                                                                                                                           
38 notice 544B    hooks/pre-receive.sample                                                                                                                                          
38 notice 1.5kB   hooks/prepare-commit-msg.sample                                                                                                                                   
38 notice 2.8kB   hooks/push-to-checkout.sample                                                                                                                                     
38 notice 3.6kB   hooks/update.sample                                                                                                                                               
38 notice 240B    info/exclude                                                                                                                                                      
38 notice 645B    package.json                                                                                                                                                      
38 notice 866B    src/cli.js                                                                                                                                                        
38 notice 689B    src/index.js                                                                                                                                                      
39 notice === Tarball Details ===
40 notice name:          @hexlet/code                            
40 notice version:       1.0.0                                   
40 notice filename:      hexlet-code-1.0.0.tgz                   
40 notice package size:  1.2 MB                                  
40 notice unpacked size: 3.1 MB                                  
40 notice shasum:        7df0b9e09e7a1c00ee3cb6dc2ac6be4f94b5aa53
40 notice integrity:     sha512-8l/sHBrcAvanz[...]JrCedBiVb4Jow==
40 notice total files:   65                                      
41 notice
42 warn This command requires you to be logged in to https://registry.npmjs.org/ (dry-run)
43 notice Publishing to https://registry.npmjs.org/ with tag latest and default access (dry-run)
44 timing command:publish Completed in 301ms
45 verbose exit 0
46 timing npm Completed in 339ms
47 info ok
