0 verbose cli /usr/bin/node /usr/bin/npm
1 info using npm@9.5.1
2 info using node@v19.7.0
3 timing npm:load:whichnode Completed in 2ms
4 timing config:load:defaults Completed in 2ms
5 timing config:load:file:/usr/lib/node_modules/npm/npmrc Completed in 1ms
6 timing config:load:builtin Completed in 1ms
7 timing config:load:cli Completed in 2ms
8 timing config:load:env Completed in 0ms
9 timing config:load:project Completed in 2ms
10 timing config:load:file:/home/bestwxrld/.npmrc Completed in 4ms
11 timing config:load:user Completed in 4ms
12 timing config:load:file:/usr/etc/npmrc Completed in 0ms
13 timing config:load:global Completed in 1ms
14 timing config:load:setEnvs Completed in 1ms
15 timing config:load Completed in 13ms
16 timing npm:load:configload Completed in 13ms
17 timing npm:load:mkdirpcache Completed in 0ms
18 timing npm:load:mkdirplogs Completed in 0ms
19 verbose title npm link
20 verbose argv "link"
21 timing npm:load:setTitle Completed in 1ms
22 timing config:load:flatten Completed in 3ms
23 timing npm:load:display Completed in 3ms
24 verbose logfile logs-max:10 dir:/home/bestwxrld/.npm/_logs/2023-03-01T04_08_22_900Z-
25 verbose logfile /home/bestwxrld/.npm/_logs/2023-03-01T04_08_22_900Z-debug-0.log
26 timing npm:load:logFile Completed in 5ms
27 timing npm:load:timers Completed in 0ms
28 timing npm:load:configScope Completed in 0ms
29 timing npm:load Completed in 25ms
30 timing config:load:flatten Completed in 1ms
31 timing arborist:ctor Completed in 1ms
32 silly logfile done cleaning log files
33 timing idealTree:init Completed in 6ms
34 timing idealTree:userRequests Completed in 4ms
35 silly idealTree buildDeps
36 silly placeDep ROOT @hexlet/code@1.0.0 OK for:  want: file:../../home/bestwxrld
37 timing idealTree:#root Completed in 6ms
38 timing idealTree:node_modules/@hexlet/code Completed in 0ms
39 timing idealTree:buildDeps Completed in 8ms
40 timing idealTree:fixDepFlags Completed in 0ms
41 timing idealTree Completed in 19ms
42 timing reify:loadTrees Completed in 28ms
43 timing reify:diffTrees Completed in 1ms
44 silly reify moves {}
45 timing reify:retireShallow Completed in 1ms
46 timing reify:createSparse Completed in 0ms
47 timing reify:loadBundles Completed in 0ms
48 silly audit bulk request { '@hexlet/code': [ '1.0.0' ] }
49 timing reify:unpack Completed in 3ms
50 timing reify:unretire Completed in 0ms
51 timing build:queue Completed in 1ms
52 timing build:deps Completed in 1ms
53 timing build:queue Completed in 8ms
54 timing build:link:node_modules/@hexlet/code Completed in 1ms
55 timing build:link Completed in 1ms
56 timing build:links Completed in 9ms
57 timing build Completed in 10ms
58 timing reify:build Completed in 10ms
59 timing reify:trash Completed in 0ms
60 http fetch POST 200 https://registry.npmjs.org/-/npm/v1/security/advisories/bulk 373ms
61 timing auditReport:getReport Completed in 375ms
62 silly audit report {}
63 timing auditReport:init Completed in 0ms
64 timing reify:audit Completed in 376ms
65 timing reify Completed in 410ms
66 timing command:link Completed in 417ms
67 verbose exit 0
68 timing npm Completed in 454ms
69 info ok
