0 verbose cli /usr/bin/node /usr/bin/npm
1 info using npm@9.5.1
2 info using node@v19.7.0
3 timing npm:load:whichnode Completed in 1ms
4 timing config:load:defaults Completed in 1ms
5 timing config:load:file:/usr/lib/node_modules/npm/npmrc Completed in 1ms
6 timing config:load:builtin Completed in 1ms
7 timing config:load:cli Completed in 2ms
8 timing config:load:env Completed in 1ms
9 timing config:load:project Completed in 1ms
10 timing config:load:file:/home/bestwxrld/.npmrc Completed in 0ms
11 timing config:load:user Completed in 0ms
12 timing config:load:file:/usr/etc/npmrc Completed in 1ms
13 timing config:load:global Completed in 1ms
14 timing config:load:setEnvs Completed in 1ms
15 timing config:load Completed in 8ms
16 timing npm:load:configload Completed in 8ms
17 timing npm:load:mkdirpcache Completed in 4ms
18 timing npm:load:mkdirplogs Completed in 0ms
19 verbose title npm link
20 verbose argv "link"
21 timing npm:load:setTitle Completed in 1ms
22 timing config:load:flatten Completed in 2ms
23 timing npm:load:display Completed in 4ms
24 verbose logfile logs-max:10 dir:/home/bestwxrld/.npm/_logs/2023-03-01T04_12_25_207Z-
25 verbose logfile /home/bestwxrld/.npm/_logs/2023-03-01T04_12_25_207Z-debug-0.log
26 timing npm:load:logFile Completed in 5ms
27 timing npm:load:timers Completed in 0ms
28 timing npm:load:configScope Completed in 0ms
29 timing npm:load Completed in 23ms
30 timing config:load:flatten Completed in 1ms
31 timing arborist:ctor Completed in 1ms
32 silly logfile start cleaning logs, removing 1 files
33 silly logfile done cleaning log files
34 timing idealTree:init Completed in 5ms
35 timing idealTree:userRequests Completed in 3ms
36 silly idealTree buildDeps
37 silly placeDep ROOT @hexlet/code@1.0.0 OK for:  want: file:../../home/bestwxrld
38 timing idealTree:#root Completed in 7ms
39 timing idealTree:node_modules/@hexlet/code Completed in 0ms
40 timing idealTree:buildDeps Completed in 7ms
41 timing idealTree:fixDepFlags Completed in 1ms
42 timing idealTree Completed in 19ms
43 timing reify:loadTrees Completed in 28ms
44 timing reify:diffTrees Completed in 1ms
45 silly reify moves {}
46 timing reify:retireShallow Completed in 1ms
47 timing reify:createSparse Completed in 0ms
48 timing reify:loadBundles Completed in 0ms
49 silly audit bulk request { '@hexlet/code': [ '1.0.0' ] }
50 timing reify:unpack Completed in 3ms
51 timing reify:unretire Completed in 0ms
52 timing build:queue Completed in 0ms
53 timing build:deps Completed in 1ms
54 timing build:queue Completed in 8ms
55 timing build:link:node_modules/@hexlet/code Completed in 2ms
56 timing build:link Completed in 2ms
57 timing build:links Completed in 10ms
58 timing build Completed in 11ms
59 timing reify:build Completed in 11ms
60 timing reify:trash Completed in 0ms
61 http fetch POST 200 https://registry.npmjs.org/-/npm/v1/security/advisories/bulk 322ms
62 timing auditReport:getReport Completed in 323ms
63 silly audit report {}
64 timing auditReport:init Completed in 0ms
65 timing reify:audit Completed in 324ms
66 timing reify Completed in 359ms
67 timing command:link Completed in 365ms
68 verbose exit 0
69 timing npm Completed in 400ms
70 info ok
